<?xml version="1.0" encoding="UTF-8"?>
<!-- Generated by org.testng.reporters.JUnitXMLReporter -->
<testsuite ignored="1" hostname="LAPTOP-3I1PVE3Q" failures="1" tests="2" name="ErrorValidationTest" time="14.002" errors="0" timestamp="2024-10-28T18:12:38 GMT-05:00">
  <testcase classname="rahuallshettyacademy.Test.ErrorValidation" name="LoginErrorValidation" time="3.625">
    <skipped/>
  </testcase> <!-- LoginErrorValidation -->
  <testcase classname="rahuallshettyacademy.Test.ErrorValidation" name="LoginErrorValidation" time="1.187">
    <failure type="java.lang.AssertionError" message="expected [Incorrect email or password.] but found [Incorrect email  password.]">
      <![CDATA[java.lang.AssertionError: expected [Incorrect email or password.] but found [Incorrect email  password.]
at rahuallshettyacademy.Test.ErrorValidation.LoginErrorValidation(ErrorValidation.java:42)
at java.base/java.util.ArrayList.forEach(ArrayList.java:1596)
at java.base/java.util.concurrent.FutureTask.run(FutureTask.java:317)
at java.base/java.util.concurrent.ThreadPoolExecutor.runWorker(ThreadPoolExecutor.java:1144)
at java.base/java.util.concurrent.ThreadPoolExecutor$Worker.run(ThreadPoolExecutor.java:642)
at java.base/java.lang.Thread.run(Thread.java:1583)
... Removed 21 stack frames]]>
    </failure>
  </testcase> <!-- LoginErrorValidation -->
  <testcase classname="rahuallshettyacademy.Test.ErrorValidation" name="ProductErrorValidation" time="0.0">
    <ignored/>
  </testcase> <!-- ProductErrorValidation -->
</testsuite> <!-- ErrorValidationTest -->
