<?xml version="1.0" encoding="UTF-8"?>
<!-- Generated by org.testng.reporters.JUnitXMLReporter -->
<testsuite ignored="2" hostname="LAPTOP-3I1PVE3Q" failures="0" tests="0" time="0.022" errors="0" timestamp="2024-10-28T18:12:24 GMT-05:00">
  <testcase classname="rahuallshettyacademy.Test.Standalone2" name="submitOrder" time="0.0">
    <ignored/>
  </testcase> <!-- submitOrder -->
  <testcase classname="rahuallshettyacademy.Test.Standalone2" name="orderHistoryTest" time="0.0">
    <ignored/>
  </testcase> <!-- orderHistoryTest -->
</testsuite>
