<?xml version="1.0" encoding="UTF-8"?>
<!-- Generated by org.testng.reporters.JUnitXMLReporter -->
<testsuite ignored="0" hostname="LAPTOP-3I1PVE3Q" failures="0" tests="2" name="ErrorValidationTest" time="18.071" errors="0" timestamp="2024-10-29T17:00:24 GMT-05:00">
  <testcase classname="rahuallshettyacademy.Test.ErrorValidation" name="LoginErrorValidation" time="1.105"/>
  <testcase classname="rahuallshettyacademy.Test.ErrorValidation" name="ProductErrorValidation" time="4.379"/>
</testsuite> <!-- ErrorValidationTest -->
