<?xml version="1.0" encoding="UTF-8"?>
<!-- Generated by org.testng.reporters.JUnitXMLReporter -->
<testsuite ignored="0" hostname="LAPTOP-3I1PVE3Q" failures="0" tests="3" name="Submit oredr Test" time="30.855" errors="0" timestamp="2024-10-29T17:00:36 GMT-05:00">
  <testcase classname="rahuallshettyacademy.Test.Standalone2" name="submitOrder" time="5.602"/>
  <testcase classname="rahuallshettyacademy.Test.Standalone2" name="submitOrder" time="7.866"/>
  <testcase classname="rahuallshettyacademy.Test.Standalone2" name="orderHistoryTest" time="1.087"/>
</testsuite> <!-- Submit oredr Test -->
